0 verbose cli C:\Program Files\nodejs\node.exe C:\Users\Sony\AppData\Roaming\npm\node_modules\npm\bin\npm-cli.js
1 info using npm@10.2.0
2 info using node@v18.18.0
3 timing npm:load:whichnode Completed in 7ms
4 timing config:load:defaults Completed in 22ms
5 timing config:load:file:C:\Users\Sony\AppData\Roaming\npm\node_modules\npm\npmrc Completed in 3ms
6 timing config:load:builtin Completed in 5ms
7 timing config:load:cli Completed in 4ms
8 timing config:load:env Completed in 1ms
9 timing config:load:file:C:\Users\Sony\Documents\BACK-ELABORATA\.npmrc Completed in 0ms
10 timing config:load:project Completed in 3ms
11 timing config:load:file:C:\Users\Sony\.npmrc Completed in 1ms
12 timing config:load:user Completed in 3ms
13 timing config:load:file:C:\Users\Sony\AppData\Roaming\npm\etc\npmrc Completed in 0ms
14 timing config:load:global Completed in 0ms
15 timing config:load:setEnvs Completed in 1ms
16 timing config:load Completed in 41ms
17 timing npm:load:configload Completed in 41ms
18 timing config:load:flatten Completed in 11ms
19 timing npm:load:mkdirpcache Completed in 1ms
20 timing npm:load:mkdirplogs Completed in 1ms
21 verbose title npm run star
22 verbose argv "run" "star"
23 timing npm:load:setTitle Completed in 2ms
24 timing npm:load:display Completed in 2ms
25 verbose logfile logs-max:10 dir:C:\Users\Sony\Documents\BACK-ELABORATA\COMUNICACAO-ALTERNADApackage.json\_logs\2023-11-22T02_46_58_419Z-
26 verbose logfile C:\Users\Sony\Documents\BACK-ELABORATA\COMUNICACAO-ALTERNADApackage.json\_logs\2023-11-22T02_46_58_419Z-debug-0.log
27 timing npm:load:logFile Completed in 24ms
28 timing npm:load:timers Completed in 0ms
29 timing npm:load:configScope Completed in 0ms
30 timing npm:load Completed in 200ms
31 silly logfile done cleaning log files
32 timing command:run Completed in 1454ms
33 verbose stack Error: Missing script: "star"
33 verbose stack
33 verbose stack Did you mean one of these?
33 verbose stack     npm stars # View packages marked as favorites
33 verbose stack     npm start # Start a package
33 verbose stack
33 verbose stack To see a list of scripts, run:
33 verbose stack   npm run
33 verbose stack     at RunScript.run (C:\Users\Sony\AppData\Roaming\npm\node_modules\npm\lib\commands\run-script.js:94:13)
33 verbose stack     at async module.exports (C:\Users\Sony\AppData\Roaming\npm\node_modules\npm\lib\cli-entry.js:61:5)
34 verbose cwd C:\Users\Sony\Documents\BACK-ELABORATA
35 verbose Windows_NT 10.0.19045
36 verbose node v18.18.0
37 verbose npm  v10.2.0
38 error Missing script: "star"
38 error
38 error Did you mean one of these?
38 error     npm stars # View packages marked as favorites
38 error     npm start # Start a package
38 error
38 error To see a list of scripts, run:
38 error   npm run
39 verbose exit 1
40 timing npm Completed in 2694ms
41 verbose code 1
42 error A complete log of this run can be found in: C:\Users\Sony\Documents\BACK-ELABORATA\COMUNICACAO-ALTERNADApackage.json\_logs\2023-11-22T02_46_58_419Z-debug-0.log
